<?xml version="1.0" encoding="UTF-8"?>
<!-- Generated by org.testng.reporters.JUnitXMLReporter -->
<testsuite hostname="WKWIN9370960" ignored="0" name="Test" tests="4" failures="1" timestamp="03 Jan 2020 16:07:24 GMT" time="51.501" errors="0">
  <testcase name="searchOnGooglePage" time="4.386" classname="com.w2a.testcases.HomePageTest">
    <skipped/>
  </testcase> <!-- searchOnGooglePage -->
  <testcase name="searchOnGooglePage" time="0.471" classname="com.w2a.testcases.HomePageTest">
    <skipped/>
  </testcase> <!-- searchOnGooglePage -->
  <testcase name="searchOnGooglePage" time="2.872" classname="com.w2a.testcases.HomePageTest">
    <skipped/>
  </testcase> <!-- searchOnGooglePage -->
  <testcase name="searchOnGooglePage" time="3.847" classname="com.w2a.testcases.HomePageTest">
    <failure type="java.lang.NullPointerException">
      <![CDATA[java.lang.NullPointerException
at com.w2a.pages.HomePage.getpageTitle(HomePage.java:28)
at com.w2a.testcases.HomePageTest.searchOnGooglePage(HomePageTest.java:29)
... Removed 25 stack frames]]>
    </failure>
  </testcase> <!-- searchOnGooglePage -->
</testsuite> <!-- Test -->
